<?xml version="1.0" encoding="UTF-8"?>
<robot generator="Robot 3.2.2 (Python 3.8.5 on win32)" generated="20201012 22:26:08.971" rpa="false">
<suite id="s1" name="Nav" source="C:\qaninja\twp\tests\nav.robot">
<test id="s1-t1" name="Deve acessar a tela Dialogs">
<kw name="Open Session" library="base" type="setup">
<kw name="Set Appium Timeout" library="AppiumLibrary">
<doc>Sets the timeout in seconds used by various keywords.</doc>
<arguments>
<arg>5</arg>
</arguments>
<status status="PASS" starttime="20201012 22:26:09.336" endtime="20201012 22:26:09.337"></status>
</kw>
<kw name="Open Application" library="AppiumLibrary">
<doc>Opens a new application to given Appium server.
Capabilities of appium server, Android and iOS,
Please check https://github.com/appium/appium/blob/master/docs/en/writing-running-appium/server-args.md
| *Option*            | *Man.* | *Description*     |
| remote_url          | Yes    | Appium server url |
| alias               | no     | alias             |</doc>
<arguments>
<arg>http://localhost:4723/wd/hub</arg>
<arg>automationName=UiAutomator2</arg>
<arg>platformName=Android</arg>
<arg>deviceName=Emulator</arg>
<arg>app=${EXECDIR}/app/twp.apk</arg>
</arguments>
<status status="PASS" starttime="20201012 22:26:09.337" endtime="20201012 22:26:27.355"></status>
</kw>
<status status="PASS" starttime="20201012 22:26:09.336" endtime="20201012 22:26:27.355"></status>
</kw>
<kw name="Get Started" library="base">
<kw name="Wait Until Page Contains" library="AppiumLibrary">
<doc>Waits until `text` appears on current page.</doc>
<arguments>
<arg>${START}</arg>
</arguments>
<status status="PASS" starttime="20201012 22:26:27.358" endtime="20201012 22:26:31.441"></status>
</kw>
<kw name="Click Text" library="AppiumLibrary">
<doc>Click text identified by ``text``.</doc>
<arguments>
<arg>${START}</arg>
</arguments>
<status status="PASS" starttime="20201012 22:26:31.441" endtime="20201012 22:26:31.649"></status>
</kw>
<status status="PASS" starttime="20201012 22:26:27.356" endtime="20201012 22:26:31.649"></status>
</kw>
<kw name="Open Nav" library="base">
<kw name="Wait Until Element Is Visible" library="AppiumLibrary">
<doc>Waits until element specified with `locator` is visible.</doc>
<arguments>
<arg>${HAMBURGER}</arg>
</arguments>
<status status="PASS" starttime="20201012 22:26:31.650" endtime="20201012 22:26:33.212"></status>
</kw>
<kw name="Click Element" library="AppiumLibrary">
<doc>Click element identified by `locator`.</doc>
<arguments>
<arg>${HAMBURGER}</arg>
</arguments>
<msg timestamp="20201012 22:26:33.213" level="INFO">Clicking element 'xpath=//android.widget.ImageButton[@content-desc="Open navigation drawer"]'.</msg>
<status status="PASS" starttime="20201012 22:26:33.212" endtime="20201012 22:26:33.331"></status>
</kw>
<kw name="Wait Until Element Is Visible" library="AppiumLibrary">
<doc>Waits until element specified with `locator` is visible.</doc>
<arguments>
<arg>${NAV_VIEW}</arg>
</arguments>
<status status="PASS" starttime="20201012 22:26:33.331" endtime="20201012 22:26:34.299"></status>
</kw>
<status status="PASS" starttime="20201012 22:26:31.650" endtime="20201012 22:26:34.300"></status>
</kw>
<kw name="Click Text" library="AppiumLibrary">
<doc>Click text identified by ``text``.</doc>
<arguments>
<arg>DIALOGS</arg>
</arguments>
<status status="PASS" starttime="20201012 22:26:34.301" endtime="20201012 22:26:34.589"></status>
</kw>
<kw name="Wait Until Element Is Visible" library="AppiumLibrary">
<doc>Waits until element specified with `locator` is visible.</doc>
<arguments>
<arg>${TOOLBAR_TITLE}</arg>
</arguments>
<status status="PASS" starttime="20201012 22:26:34.590" endtime="20201012 22:26:35.605"></status>
</kw>
<kw name="Element Text Should Be" library="AppiumLibrary">
<doc>Verifies element identified by ``locator`` exactly contains text ``expected``.</doc>
<arguments>
<arg>${TOOLBAR_TITLE}</arg>
<arg>DIALOGS</arg>
</arguments>
<msg timestamp="20201012 22:26:35.607" level="INFO">Verifying element 'id=io.qaninja.android.twp:id/toolbarTitle' contains exactly text 'DIALOGS'.</msg>
<status status="PASS" starttime="20201012 22:26:35.606" endtime="20201012 22:26:35.652"></status>
</kw>
<kw name="Close Session" library="base" type="teardown">
<kw name="Close Application" library="AppiumLibrary">
<doc>Closes the current application and also close webdriver session.</doc>
<status status="PASS" starttime="20201012 22:26:35.654" endtime="20201012 22:26:36.703"></status>
</kw>
<status status="PASS" starttime="20201012 22:26:35.653" endtime="20201012 22:26:36.704"></status>
</kw>
<status status="PASS" starttime="20201012 22:26:09.336" endtime="20201012 22:26:36.704" critical="yes"></status>
</test>
<test id="s1-t2" name="Deve acessar a tela de Formulários">
<kw name="Open Session" library="base" type="setup">
<kw name="Set Appium Timeout" library="AppiumLibrary">
<doc>Sets the timeout in seconds used by various keywords.</doc>
<arguments>
<arg>5</arg>
</arguments>
<status status="PASS" starttime="20201012 22:26:36.707" endtime="20201012 22:26:36.707"></status>
</kw>
<kw name="Open Application" library="AppiumLibrary">
<doc>Opens a new application to given Appium server.
Capabilities of appium server, Android and iOS,
Please check https://github.com/appium/appium/blob/master/docs/en/writing-running-appium/server-args.md
| *Option*            | *Man.* | *Description*     |
| remote_url          | Yes    | Appium server url |
| alias               | no     | alias             |</doc>
<arguments>
<arg>http://localhost:4723/wd/hub</arg>
<arg>automationName=UiAutomator2</arg>
<arg>platformName=Android</arg>
<arg>deviceName=Emulator</arg>
<arg>app=${EXECDIR}/app/twp.apk</arg>
</arguments>
<status status="PASS" starttime="20201012 22:26:36.708" endtime="20201012 22:26:53.047"></status>
</kw>
<status status="PASS" starttime="20201012 22:26:36.706" endtime="20201012 22:26:53.047"></status>
</kw>
<kw name="Get Started" library="base">
<kw name="Wait Until Page Contains" library="AppiumLibrary">
<doc>Waits until `text` appears on current page.</doc>
<arguments>
<arg>${START}</arg>
</arguments>
<status status="PASS" starttime="20201012 22:26:53.049" endtime="20201012 22:26:57.386"></status>
</kw>
<kw name="Click Text" library="AppiumLibrary">
<doc>Click text identified by ``text``.</doc>
<arguments>
<arg>${START}</arg>
</arguments>
<status status="PASS" starttime="20201012 22:26:57.387" endtime="20201012 22:26:57.619"></status>
</kw>
<status status="PASS" starttime="20201012 22:26:53.048" endtime="20201012 22:26:57.619"></status>
</kw>
<kw name="Open Nav" library="base">
<kw name="Wait Until Element Is Visible" library="AppiumLibrary">
<doc>Waits until element specified with `locator` is visible.</doc>
<arguments>
<arg>${HAMBURGER}</arg>
</arguments>
<status status="PASS" starttime="20201012 22:26:57.621" endtime="20201012 22:26:58.997"></status>
</kw>
<kw name="Click Element" library="AppiumLibrary">
<doc>Click element identified by `locator`.</doc>
<arguments>
<arg>${HAMBURGER}</arg>
</arguments>
<msg timestamp="20201012 22:26:58.999" level="INFO">Clicking element 'xpath=//android.widget.ImageButton[@content-desc="Open navigation drawer"]'.</msg>
<status status="PASS" starttime="20201012 22:26:58.998" endtime="20201012 22:26:59.131"></status>
</kw>
<kw name="Wait Until Element Is Visible" library="AppiumLibrary">
<doc>Waits until element specified with `locator` is visible.</doc>
<arguments>
<arg>${NAV_VIEW}</arg>
</arguments>
<status status="PASS" starttime="20201012 22:26:59.131" endtime="20201012 22:27:00.231"></status>
</kw>
<status status="PASS" starttime="20201012 22:26:57.620" endtime="20201012 22:27:00.231"></status>
</kw>
<kw name="Click Text" library="AppiumLibrary">
<doc>Click text identified by ``text``.</doc>
<arguments>
<arg>FORMS</arg>
</arguments>
<status status="PASS" starttime="20201012 22:27:00.232" endtime="20201012 22:27:00.511"></status>
</kw>
<kw name="Wait Until Element Is Visible" library="AppiumLibrary">
<doc>Waits until element specified with `locator` is visible.</doc>
<arguments>
<arg>${TOOLBAR_TITLE}</arg>
</arguments>
<status status="PASS" starttime="20201012 22:27:00.512" endtime="20201012 22:27:01.504"></status>
</kw>
<kw name="Element Text Should Be" library="AppiumLibrary">
<doc>Verifies element identified by ``locator`` exactly contains text ``expected``.</doc>
<arguments>
<arg>${TOOLBAR_TITLE}</arg>
<arg>FORMS</arg>
</arguments>
<msg timestamp="20201012 22:27:01.506" level="INFO">Verifying element 'id=io.qaninja.android.twp:id/toolbarTitle' contains exactly text 'FORMS'.</msg>
<status status="PASS" starttime="20201012 22:27:01.505" endtime="20201012 22:27:01.554"></status>
</kw>
<kw name="Close Session" library="base" type="teardown">
<kw name="Close Application" library="AppiumLibrary">
<doc>Closes the current application and also close webdriver session.</doc>
<status status="PASS" starttime="20201012 22:27:01.555" endtime="20201012 22:27:02.483"></status>
</kw>
<status status="PASS" starttime="20201012 22:27:01.555" endtime="20201012 22:27:02.483"></status>
</kw>
<status status="PASS" starttime="20201012 22:26:36.705" endtime="20201012 22:27:02.483" critical="yes"></status>
</test>
<test id="s1-t3" name="Deve acessar a tela de vingadores">
<kw name="Open Session" library="base" type="setup">
<kw name="Set Appium Timeout" library="AppiumLibrary">
<doc>Sets the timeout in seconds used by various keywords.</doc>
<arguments>
<arg>5</arg>
</arguments>
<status status="PASS" starttime="20201012 22:27:02.486" endtime="20201012 22:27:02.486"></status>
</kw>
<kw name="Open Application" library="AppiumLibrary">
<doc>Opens a new application to given Appium server.
Capabilities of appium server, Android and iOS,
Please check https://github.com/appium/appium/blob/master/docs/en/writing-running-appium/server-args.md
| *Option*            | *Man.* | *Description*     |
| remote_url          | Yes    | Appium server url |
| alias               | no     | alias             |</doc>
<arguments>
<arg>http://localhost:4723/wd/hub</arg>
<arg>automationName=UiAutomator2</arg>
<arg>platformName=Android</arg>
<arg>deviceName=Emulator</arg>
<arg>app=${EXECDIR}/app/twp.apk</arg>
</arguments>
<status status="PASS" starttime="20201012 22:27:02.487" endtime="20201012 22:27:19.384"></status>
</kw>
<status status="PASS" starttime="20201012 22:27:02.485" endtime="20201012 22:27:19.384"></status>
</kw>
<kw name="Get Started" library="base">
<kw name="Wait Until Page Contains" library="AppiumLibrary">
<doc>Waits until `text` appears on current page.</doc>
<arguments>
<arg>${START}</arg>
</arguments>
<status status="PASS" starttime="20201012 22:27:19.386" endtime="20201012 22:27:23.619"></status>
</kw>
<kw name="Click Text" library="AppiumLibrary">
<doc>Click text identified by ``text``.</doc>
<arguments>
<arg>${START}</arg>
</arguments>
<status status="PASS" starttime="20201012 22:27:23.619" endtime="20201012 22:27:23.844"></status>
</kw>
<status status="PASS" starttime="20201012 22:27:19.385" endtime="20201012 22:27:23.844"></status>
</kw>
<kw name="Open Nav" library="base">
<kw name="Wait Until Element Is Visible" library="AppiumLibrary">
<doc>Waits until element specified with `locator` is visible.</doc>
<arguments>
<arg>${HAMBURGER}</arg>
</arguments>
<status status="PASS" starttime="20201012 22:27:23.846" endtime="20201012 22:27:25.156"></status>
</kw>
<kw name="Click Element" library="AppiumLibrary">
<doc>Click element identified by `locator`.</doc>
<arguments>
<arg>${HAMBURGER}</arg>
</arguments>
<msg timestamp="20201012 22:27:25.158" level="INFO">Clicking element 'xpath=//android.widget.ImageButton[@content-desc="Open navigation drawer"]'.</msg>
<status status="PASS" starttime="20201012 22:27:25.157" endtime="20201012 22:27:25.328"></status>
</kw>
<kw name="Wait Until Element Is Visible" library="AppiumLibrary">
<doc>Waits until element specified with `locator` is visible.</doc>
<arguments>
<arg>${NAV_VIEW}</arg>
</arguments>
<status status="PASS" starttime="20201012 22:27:25.328" endtime="20201012 22:27:26.283"></status>
</kw>
<status status="PASS" starttime="20201012 22:27:23.845" endtime="20201012 22:27:26.283"></status>
</kw>
<kw name="Click Text" library="AppiumLibrary">
<doc>Click text identified by ``text``.</doc>
<arguments>
<arg>AVENGERS</arg>
</arguments>
<status status="PASS" starttime="20201012 22:27:26.283" endtime="20201012 22:27:26.528"></status>
</kw>
<kw name="Wait Until Element Is Visible" library="AppiumLibrary">
<doc>Waits until element specified with `locator` is visible.</doc>
<arguments>
<arg>${TOOLBAR_TITLE}</arg>
</arguments>
<status status="PASS" starttime="20201012 22:27:26.529" endtime="20201012 22:27:27.470"></status>
</kw>
<kw name="Element Text Should Be" library="AppiumLibrary">
<doc>Verifies element identified by ``locator`` exactly contains text ``expected``.</doc>
<arguments>
<arg>${TOOLBAR_TITLE}</arg>
<arg>AVENGERS</arg>
</arguments>
<msg timestamp="20201012 22:27:27.472" level="INFO">Verifying element 'id=io.qaninja.android.twp:id/toolbarTitle' contains exactly text 'AVENGERS'.</msg>
<status status="PASS" starttime="20201012 22:27:27.471" endtime="20201012 22:27:27.518"></status>
</kw>
<kw name="Close Session" library="base" type="teardown">
<kw name="Close Application" library="AppiumLibrary">
<doc>Closes the current application and also close webdriver session.</doc>
<status status="PASS" starttime="20201012 22:27:27.519" endtime="20201012 22:27:28.284"></status>
</kw>
<status status="PASS" starttime="20201012 22:27:27.519" endtime="20201012 22:27:28.284"></status>
</kw>
<status status="PASS" starttime="20201012 22:27:02.484" endtime="20201012 22:27:28.285" critical="yes"></status>
</test>
<status status="PASS" starttime="20201012 22:26:08.973" endtime="20201012 22:27:28.287"></status>
</suite>
<statistics>
<total>
<stat pass="3" fail="0">Critical Tests</stat>
<stat pass="3" fail="0">All Tests</stat>
</total>
<tag>
</tag>
<suite>
<stat pass="3" fail="0" id="s1" name="Nav">Nav</stat>
</suite>
</statistics>
<errors>
</errors>
</robot>
