<?xml version="1.0" encoding="UTF-8"?>
<robot generator="Robot 3.2.2 (Python 3.8.5 on win32)" generated="20201011 17:41:45.726" rpa="false">
<suite id="s1" name="Nav" source="C:\qaninja\twp\nav.robot">
<test id="s1-t1" name="Deve acessar a tela Dialogs">
<kw name="Open Application" library="AppiumLibrary">
<doc>Opens a new application to given Appium server.
Capabilities of appium server, Android and iOS,
Please check https://github.com/appium/appium/blob/master/docs/en/writing-running-appium/server-args.md
| *Option*            | *Man.* | *Description*     |
| remote_url          | Yes    | Appium server url |
| alias               | no     | alias             |</doc>
<arguments>
<arg>http://localhost:4723/wd/hub</arg>
<arg>automationName=UiAutomator2</arg>
<arg>platformName=Android</arg>
<arg>deviceName=Emulator</arg>
<arg>app=${EXECDIR}/app/twp.apk</arg>
</arguments>
<status status="PASS" starttime="20201011 17:41:45.963" endtime="20201011 17:42:03.629"></status>
</kw>
<kw name="Wait Until Page Contains" library="AppiumLibrary">
<doc>Waits until `text` appears on current page.</doc>
<arguments>
<arg>COMEÇAR</arg>
<arg>5</arg>
</arguments>
<status status="PASS" starttime="20201011 17:42:03.629" endtime="20201011 17:42:07.930"></status>
</kw>
<kw name="Click Text" library="AppiumLibrary">
<doc>Click text identified by ``text``.</doc>
<arguments>
<arg>COMEÇAR</arg>
</arguments>
<status status="PASS" starttime="20201011 17:42:07.931" endtime="20201011 17:42:08.141"></status>
</kw>
<kw name="Wait Until Element Is Visible" library="AppiumLibrary">
<doc>Waits until element specified with `locator` is visible.</doc>
<arguments>
<arg>xpath=//android.widget.ImageButton[@content-desc="Open navigation drawer"]</arg>
<arg>5</arg>
</arguments>
<status status="PASS" starttime="20201011 17:42:08.142" endtime="20201011 17:42:09.463"></status>
</kw>
<kw name="Click Element" library="AppiumLibrary">
<doc>Click element identified by `locator`.</doc>
<arguments>
<arg>xpath=//android.widget.ImageButton[@content-desc="Open navigation drawer"]</arg>
</arguments>
<msg timestamp="20201011 17:42:09.465" level="INFO">Clicking element 'xpath=//android.widget.ImageButton[@content-desc="Open navigation drawer"]'.</msg>
<status status="PASS" starttime="20201011 17:42:09.464" endtime="20201011 17:42:09.585"></status>
</kw>
<kw name="Wait Until Element Is Visible" library="AppiumLibrary">
<doc>Waits until element specified with `locator` is visible.</doc>
<arguments>
<arg>id=io.qaninja.android.twp:id/navView</arg>
<arg>5</arg>
</arguments>
<status status="PASS" starttime="20201011 17:42:09.586" endtime="20201011 17:42:10.583"></status>
</kw>
<kw name="Click Text" library="AppiumLibrary">
<doc>Click text identified by ``text``.</doc>
<arguments>
<arg>DIALOGS</arg>
</arguments>
<status status="PASS" starttime="20201011 17:42:10.584" endtime="20201011 17:42:10.895"></status>
</kw>
<kw name="Wait Until Element Is Visible" library="AppiumLibrary">
<doc>Waits until element specified with `locator` is visible.</doc>
<arguments>
<arg>id=io.qaninja.android.twp:id/toolbarTitle</arg>
<arg>5</arg>
</arguments>
<status status="PASS" starttime="20201011 17:42:10.896" endtime="20201011 17:42:11.829"></status>
</kw>
<kw name="Element Text Should Be" library="AppiumLibrary">
<doc>Verifies element identified by ``locator`` exactly contains text ``expected``.</doc>
<arguments>
<arg>id=io.qaninja.android.twp:id/toolbarTitle</arg>
<arg>DIALOGS</arg>
</arguments>
<msg timestamp="20201011 17:42:11.831" level="INFO">Verifying element 'id=io.qaninja.android.twp:id/toolbarTitle' contains exactly text 'DIALOGS'.</msg>
<status status="PASS" starttime="20201011 17:42:11.830" endtime="20201011 17:42:11.881"></status>
</kw>
<kw name="Close Application" library="AppiumLibrary">
<doc>Closes the current application and also close webdriver session.</doc>
<status status="PASS" starttime="20201011 17:42:11.881" endtime="20201011 17:42:12.842"></status>
</kw>
<status status="PASS" starttime="20201011 17:41:45.962" endtime="20201011 17:42:12.843" critical="yes"></status>
</test>
<status status="PASS" starttime="20201011 17:41:45.729" endtime="20201011 17:42:12.845"></status>
</suite>
<statistics>
<total>
<stat pass="1" fail="0">Critical Tests</stat>
<stat pass="1" fail="0">All Tests</stat>
</total>
<tag>
</tag>
<suite>
<stat pass="1" fail="0" id="s1" name="Nav">Nav</stat>
</suite>
</statistics>
<errors>
</errors>
</robot>
